<?xml version="1.0" encoding="UTF-8"?>
<!-- Generated by org.testng.reporters.JUnitXMLReporter -->
<testsuite ignored="0" hostname="200411LTP0715" failures="0" tests="3" name="Test" time="41.355" errors="0" timestamp="2020-07-10T21:41:18 IST">
  <testcase classname="EndtoEnd.E2EProject.HomePage" name="basePageNavigation" time="9.058"/>
  <testcase classname="EndtoEnd.E2EProject.HomePage" name="basePageNavigation" time="7.993"/>
  <testcase classname="EndtoEnd.E2EProject.ValidateTitile" name="basePageNavigation" time="0.132"/>
</testsuite> <!-- Test -->
